<?xml version="1.0" encoding="UTF-8"?>
<coverage generated="1773148313681" clover="3.2.0">
  <project timestamp="1773148313681" name="All files">
    <metrics statements="23" coveredstatements="23" conditionals="17" coveredconditionals="10" methods="4" coveredmethods="4" elements="44" coveredelements="37" complexity="0" loc="23" ncloc="23" packages="1" files="1" classes="1"/>
    <file name="helpers.js" path="/Users/macbook/skills/.worktrees/erne-plan-1/tests/hooks/helpers.js">
      <metrics statements="23" coveredstatements="23" conditionals="17" coveredconditionals="10" methods="4" coveredmethods="4"/>
      <line num="3" count="6" type="stmt"/>
      <line num="4" count="6" type="stmt"/>
      <line num="5" count="6" type="stmt"/>
      <line num="6" count="6" type="stmt"/>
      <line num="8" count="6" type="stmt"/>
      <line num="9" count="6" type="stmt"/>
      <line num="12" count="75" type="stmt"/>
      <line num="13" count="75" type="stmt"/>
      <line num="14" count="75" type="stmt"/>
      <line num="21" count="54" type="stmt"/>
      <line num="23" count="21" type="stmt"/>
      <line num="32" count="19" type="stmt"/>
      <line num="33" count="19" type="stmt"/>
      <line num="40" count="16" type="stmt"/>
      <line num="42" count="3" type="stmt"/>
      <line num="51" count="71" type="stmt"/>
      <line num="52" count="71" type="stmt"/>
      <line num="53" count="41" type="stmt"/>
      <line num="54" count="41" type="stmt"/>
      <line num="55" count="41" type="stmt"/>
      <line num="57" count="71" type="stmt"/>
      <line num="61" count="71" type="stmt"/>
      <line num="64" count="6" type="stmt"/>
    </file>
  </project>
</coverage>
