{"/Users/macbook/skills/.worktrees/erne-plan-1/tests/hooks/helpers.js": {"path":"/Users/macbook/skills/.worktrees/erne-plan-1/tests/hooks/helpers.js","statementMap":{"0":{"start":{"line":3,"column":25},"end":{"line":3,"column":49}},"1":{"start":{"line":4,"column":13},"end":{"line":4,"column":28}},"2":{"start":{"line":5,"column":11},"end":{"line":5,"column":24}},"3":{"start":{"line":6,"column":11},"end":{"line":6,"column":24}},"4":{"start":{"line":8,"column":18},"end":{"line":8,"column":64}},"5":{"start":{"line":9,"column":19},"end":{"line":9,"column":60}},"6":{"start":{"line":12,"column":21},"end":{"line":12,"column":53}},"7":{"start":{"line":13,"column":2},"end":{"line":28,"column":3}},"8":{"start":{"line":14,"column":19},"end":{"line":20,"column":6}},"9":{"start":{"line":21,"column":4},"end":{"line":21,"column":47}},"10":{"start":{"line":23,"column":4},"end":{"line":27,"column":6}},"11":{"start":{"line":32,"column":2},"end":{"line":47,"column":3}},"12":{"start":{"line":33,"column":19},"end":{"line":39,"column":6}},"13":{"start":{"line":40,"column":4},"end":{"line":40,"column":47}},"14":{"start":{"line":42,"column":4},"end":{"line":46,"column":6}},"15":{"start":{"line":51,"column":14},"end":{"line":51,"column":66}},"16":{"start":{"line":52,"column":2},"end":{"line":56,"column":3}},"17":{"start":{"line":53,"column":21},"end":{"line":53,"column":45}},"18":{"start":{"line":54,"column":4},"end":{"line":54,"column":62}},"19":{"start":{"line":55,"column":4},"end":{"line":55,"column":40}},"20":{"start":{"line":57,"column":2},"end":{"line":57,"column":13}},"21":{"start":{"line":61,"column":2},"end":{"line":61,"column":51}},"22":{"start":{"line":64,"column":0},"end":{"line":70,"column":2}}},"fnMap":{"0":{"name":"runHook","decl":{"start":{"line":11,"column":9},"end":{"line":11,"column":16}},"loc":{"start":{"line":11,"column":51},"end":{"line":29,"column":1}},"line":11},"1":{"name":"runDispatcher","decl":{"start":{"line":31,"column":9},"end":{"line":31,"column":22}},"loc":{"start":{"line":31,"column":57},"end":{"line":48,"column":1}},"line":31},"2":{"name":"createTempProject","decl":{"start":{"line":50,"column":9},"end":{"line":50,"column":26}},"loc":{"start":{"line":50,"column":39},"end":{"line":58,"column":1}},"line":50},"3":{"name":"cleanupTempProject","decl":{"start":{"line":60,"column":9},"end":{"line":60,"column":27}},"loc":{"start":{"line":60,"column":33},"end":{"line":62,"column":1}},"line":60}},"branchMap":{"0":{"loc":{"start":{"line":11,"column":29},"end":{"line":11,"column":39}},"type":"default-arg","locations":[{"start":{"line":11,"column":37},"end":{"line":11,"column":39}}],"line":11},"1":{"loc":{"start":{"line":11,"column":41},"end":{"line":11,"column":49}},"type":"default-arg","locations":[{"start":{"line":11,"column":47},"end":{"line":11,"column":49}}],"line":11},"2":{"loc":{"start":{"line":24,"column":16},"end":{"line":24,"column":31}},"type":"binary-expr","locations":[{"start":{"line":24,"column":16},"end":{"line":24,"column":26}},{"start":{"line":24,"column":30},"end":{"line":24,"column":31}}],"line":24},"3":{"loc":{"start":{"line":25,"column":14},"end":{"line":25,"column":30}},"type":"binary-expr","locations":[{"start":{"line":25,"column":14},"end":{"line":25,"column":24}},{"start":{"line":25,"column":28},"end":{"line":25,"column":30}}],"line":25},"4":{"loc":{"start":{"line":26,"column":14},"end":{"line":26,"column":30}},"type":"binary-expr","locations":[{"start":{"line":26,"column":14},"end":{"line":26,"column":24}},{"start":{"line":26,"column":28},"end":{"line":26,"column":30}}],"line":26},"5":{"loc":{"start":{"line":31,"column":35},"end":{"line":31,"column":45}},"type":"default-arg","locations":[{"start":{"line":31,"column":43},"end":{"line":31,"column":45}}],"line":31},"6":{"loc":{"start":{"line":31,"column":47},"end":{"line":31,"column":55}},"type":"default-arg","locations":[{"start":{"line":31,"column":53},"end":{"line":31,"column":55}}],"line":31},"7":{"loc":{"start":{"line":43,"column":16},"end":{"line":43,"column":31}},"type":"binary-expr","locations":[{"start":{"line":43,"column":16},"end":{"line":43,"column":26}},{"start":{"line":43,"column":30},"end":{"line":43,"column":31}}],"line":43},"8":{"loc":{"start":{"line":44,"column":14},"end":{"line":44,"column":30}},"type":"binary-expr","locations":[{"start":{"line":44,"column":14},"end":{"line":44,"column":24}},{"start":{"line":44,"column":28},"end":{"line":44,"column":30}}],"line":44},"9":{"loc":{"start":{"line":45,"column":14},"end":{"line":45,"column":30}},"type":"binary-expr","locations":[{"start":{"line":45,"column":14},"end":{"line":45,"column":24}},{"start":{"line":45,"column":28},"end":{"line":45,"column":30}}],"line":45},"10":{"loc":{"start":{"line":50,"column":27},"end":{"line":50,"column":37}},"type":"default-arg","locations":[{"start":{"line":50,"column":35},"end":{"line":50,"column":37}}],"line":50}},"s":{"0":6,"1":6,"2":6,"3":6,"4":6,"5":6,"6":75,"7":75,"8":75,"9":54,"10":21,"11":19,"12":19,"13":16,"14":3,"15":71,"16":71,"17":41,"18":41,"19":41,"20":71,"21":71,"22":6},"f":{"0":75,"1":19,"2":71,"3":71},"b":{"0":[0],"1":[15],"2":[21,0],"3":[21,0],"4":[21,21],"5":[0],"6":[0],"7":[3,0],"8":[3,0],"9":[3,3],"10":[34]},"_coverageSchema":"1a1c01bbd47fc00a2c39e90264f33305004495a9","hash":"0af8f2b1e94c3419022f69ed9cca9091e7f3482a"}
}
