TN:
SF:tests/hooks/helpers.js
FN:11,runHook
FN:31,runDispatcher
FN:50,createTempProject
FN:60,cleanupTempProject
FNF:4
FNH:4
FNDA:75,runHook
FNDA:19,runDispatcher
FNDA:71,createTempProject
FNDA:71,cleanupTempProject
DA:3,6
DA:4,6
DA:5,6
DA:6,6
DA:8,6
DA:9,6
DA:12,75
DA:13,75
DA:14,75
DA:21,54
DA:23,21
DA:32,19
DA:33,19
DA:40,16
DA:42,3
DA:51,71
DA:52,71
DA:53,41
DA:54,41
DA:55,41
DA:57,71
DA:61,71
DA:64,6
LF:23
LH:23
BRDA:11,0,0,0
BRDA:11,1,0,15
BRDA:24,2,0,21
BRDA:24,2,1,0
BRDA:25,3,0,21
BRDA:25,3,1,0
BRDA:26,4,0,21
BRDA:26,4,1,21
BRDA:31,5,0,0
BRDA:31,6,0,0
BRDA:43,7,0,3
BRDA:43,7,1,0
BRDA:44,8,0,3
BRDA:44,8,1,0
BRDA:45,9,0,3
BRDA:45,9,1,3
BRDA:50,10,0,34
BRF:17
BRH:10
end_of_record
